<?xml version="1.0" encoding="UTF-8"?>
<robot generator="Robot 3.0.4 (Python 3.7.0 on win32)" generated="20180718 00:40:58.879">
<suite id="s1" name="Hotline Test" source="C:\Users\kvlpr\Desktop\Hotline\hotline_test.txt">
<kw name="Open Browser" library="Selenium2Library" type="setup">
<doc>Opens a new browser instance to the given ``url``.</doc>
<arguments>
<arg>${HOMEPAGE}</arg>
<arg>${BROWSER}</arg>
</arguments>
<msg timestamp="20180718 00:40:59.652" level="INFO">Opening browser 'chrome' to base url 'https://hotline.ua/'.</msg>
<status status="PASS" starttime="20180718 00:40:59.651" endtime="20180718 00:41:08.625"></status>
</kw>
<test id="s1-t1" name="Hotline search for &quot;iPhone 7&quot; and go to the first link">
<kw name="Close the location pop-up">
<kw name="Click Element" library="Selenium2Library">
<doc>Click element identified by ``locator``.</doc>
<arguments>
<arg>xpath=/html/body/header/div[1]/div/div/div[1]/div/div[2]/div/div[2]/div/i</arg>
</arguments>
<msg timestamp="20180718 00:41:08.632" level="INFO">Clicking element 'xpath=/html/body/header/div[1]/div/div/div[1]/div/div[2]/div/div[2]/div/i'.</msg>
<status status="PASS" starttime="20180718 00:41:08.631" endtime="20180718 00:41:09.344"></status>
</kw>
<status status="PASS" starttime="20180718 00:41:08.631" endtime="20180718 00:41:09.344"></status>
</kw>
<kw name="Search on Hotline">
<arguments>
<arg>iPhone 7</arg>
</arguments>
<kw name="Input Text" library="Selenium2Library">
<doc>Types the given ``text`` into text field identified by ``locator``.</doc>
<arguments>
<arg>xpath=//*[@id="searchbox"]</arg>
<arg>${searckey}</arg>
</arguments>
<msg timestamp="20180718 00:41:09.346" level="INFO">Typing text 'iPhone 7' into text field 'xpath=//*[@id="searchbox"]'.</msg>
<status status="PASS" starttime="20180718 00:41:09.346" endtime="20180718 00:41:09.938"></status>
</kw>
<kw name="Click Button" library="Selenium2Library">
<doc>Clicks button identified by ``locator``.</doc>
<arguments>
<arg>xpath=//*[@id="doSearch"]</arg>
</arguments>
<msg timestamp="20180718 00:41:09.939" level="INFO">Clicking button 'xpath=//*[@id="doSearch"]'.</msg>
<status status="PASS" starttime="20180718 00:41:09.938" endtime="20180718 00:41:10.116"></status>
</kw>
<status status="PASS" starttime="20180718 00:41:09.345" endtime="20180718 00:41:10.117"></status>
</kw>
<kw name="Go to the first link">
<kw name="Wait Until Page Contains Element" library="Selenium2Library">
<doc>Waits until element ``locator`` appears on current page.</doc>
<arguments>
<arg>xpath=//*[@id="page-search"]/div[2]/div/div[1]/div[3]/div/ul/li[1]/div[3]/div/p/a</arg>
</arguments>
<status status="PASS" starttime="20180718 00:41:10.120" endtime="20180718 00:41:12.579"></status>
</kw>
<kw name="Click Element" library="Selenium2Library">
<doc>Click element identified by ``locator``.</doc>
<arguments>
<arg>xpath=//*[@id="page-search"]/div[2]/div/div[1]/div[3]/div/ul/li[1]/div[3]/div/p/a</arg>
</arguments>
<msg timestamp="20180718 00:41:12.580" level="INFO">Clicking element 'xpath=//*[@id="page-search"]/div[2]/div/div[1]/div[3]/div/ul/li[1]/div[3]/div/p/a'.</msg>
<status status="PASS" starttime="20180718 00:41:12.579" endtime="20180718 00:41:21.174"></status>
</kw>
<status status="PASS" starttime="20180718 00:41:10.120" endtime="20180718 00:41:21.174"></status>
</kw>
<status status="PASS" starttime="20180718 00:41:08.625" endtime="20180718 00:41:21.178" critical="yes"></status>
</test>
<status status="PASS" starttime="20180718 00:40:58.879" endtime="20180718 00:41:21.184"></status>
</suite>
<statistics>
<total>
<stat pass="1" fail="0">Critical Tests</stat>
<stat pass="1" fail="0">All Tests</stat>
</total>
<tag>
</tag>
<suite>
<stat pass="1" fail="0" id="s1" name="Hotline Test">Hotline Test</stat>
</suite>
</statistics>
<errors>
</errors>
</robot>
